Determining if the pthread_create exist failed with the following output:
Change Dir: /home/zrji/gpgpu-sim_distribution/cbuild/CMakeFiles/CMakeTmp

Run Build Command:"/usr/bin/make" "cmTC_4752e/fast"
make[1]: Entering directory '/home/zrji/gpgpu-sim_distribution/cbuild/CMakeFiles/CMakeTmp'
/usr/bin/make -f CMakeFiles/cmTC_4752e.dir/build.make CMakeFiles/cmTC_4752e.dir/build
make[2]: Entering directory '/home/zrji/gpgpu-sim_distribution/cbuild/CMakeFiles/CMakeTmp'
Building C object CMakeFiles/cmTC_4752e.dir/CheckSymbolExists.c.o
/usr/bin/cc   -O3 -std=c++11 -fPIC    -o CMakeFiles/cmTC_4752e.dir/CheckSymbolExists.c.o   -c /home/zrji/gpgpu-sim_distribution/cbuild/CMakeFiles/CMakeTmp/CheckSymbolExists.c
cc1: warning: command line option ‘-std=c++11’ is valid for C++/ObjC++ but not for C
Linking C executable cmTC_4752e
/usr/bin/cmake -E cmake_link_script CMakeFiles/cmTC_4752e.dir/link.txt --verbose=1
/usr/bin/cc -O3 -std=c++11 -fPIC     CMakeFiles/cmTC_4752e.dir/CheckSymbolExists.c.o  -o cmTC_4752e 
CMakeFiles/cmTC_4752e.dir/CheckSymbolExists.c.o: In function `main':
CheckSymbolExists.c:(.text.startup+0x3): undefined reference to `pthread_create'
collect2: error: ld returned 1 exit status
CMakeFiles/cmTC_4752e.dir/build.make:97: recipe for target 'cmTC_4752e' failed
make[2]: *** [cmTC_4752e] Error 1
make[2]: Leaving directory '/home/zrji/gpgpu-sim_distribution/cbuild/CMakeFiles/CMakeTmp'
Makefile:126: recipe for target 'cmTC_4752e/fast' failed
make[1]: *** [cmTC_4752e/fast] Error 2
make[1]: Leaving directory '/home/zrji/gpgpu-sim_distribution/cbuild/CMakeFiles/CMakeTmp'

File /home/zrji/gpgpu-sim_distribution/cbuild/CMakeFiles/CMakeTmp/CheckSymbolExists.c:
/* */
#include <pthread.h>

int main(int argc, char** argv)
{
  (void)argv;
#ifndef pthread_create
  return ((int*)(&pthread_create))[argc];
#else
  (void)argc;
  return 0;
#endif
}

